# JRE version: OpenJDK Runtime Environment (24.0.1+9) (build 24.0.1+9-30)
# Java VM: OpenJDK 64-Bit Server VM (24.0.1+9-30, mixed mode, sharing, tiered, compressed oops, compressed class ptrs, g1 gc, windows-amd64)
GC Precious Log:
 CardTable entry size: 512
 Card Set container configuration: InlinePtr #cards 4 size 8 Array Of Cards #cards 16 size 48 Howl #buckets 8 coarsen threshold 3686 Howl Bitmap #cards 512 size 80 coarsen threshold 460 Card regions per heap region 1 cards per card region 4096
 CPUs: 8 total, 8 available
 Memory: 16144M
 Large Page Support: Disabled
 NUMA Support: Disabled
 Compressed Oops: Enabled (Zero based)
 Heap Region Size: 2M
 Heap Min Capacity: 8M
 Heap Initial Capacity: 254M
 Heap Max Capacity: 4038M
 Pre-touch: Disabled
 Parallel Workers: 8
 Concurrent Workers: 2
 Concurrent Refinement Workers: 8
 Periodic GC: Disabled
Heap:
 garbage-first heap   total reserved 4134912K, committed 108544K, used 75873K [0x0000000703a00000, 0x0000000800000000)
  region size 2048K, 16 young (32768K), 1 survivors (2048K)
 Metaspace       used 72566K, committed 73280K, reserved 1179648K
  class space    used 7616K, committed 8000K, reserved 1048576K
GC Heap History (20 events):
Event: 128.384 GC heap before
{Heap before GC invocations=16 (full 1):
 garbage-first heap   total reserved 4134912K, committed 108544K, used 87226K [0x0000000703a00000, 0x0000000800000000)
  region size 2048K, 22 young (45056K), 0 survivors (0K)
 Metaspace       used 64696K, committed 65408K, reserved 1114112K
  class space    used 7142K, committed 7424K, reserved 1048576K
}
Event: 128.390 GC heap after
{Heap after GC invocations=17 (full 1):
 garbage-first heap   total reserved 4134912K, committed 108544K, used 48769K [0x0000000703a00000, 0x0000000800000000)
  region size 2048K, 3 young (6144K), 3 survivors (6144K)
 Metaspace       used 64696K, committed 65408K, reserved 1114112K
  class space    used 7142K, committed 7424K, reserved 1048576K
}
Event: 128.677 GC heap before
{Heap before GC invocations=18 (full 1):
 garbage-first heap   total reserved 4134912K, committed 108544K, used 87681K [0x0000000703a00000, 0x0000000800000000)
  region size 2048K, 22 young (45056K), 3 survivors (6144K)
 Metaspace       used 64973K, committed 65600K, reserved 1114112K
  class space    used 7147K, committed 7424K, reserved 1048576K
}
Event: 128.682 GC heap after
{Heap after GC invocations=19 (full 1):
 garbage-first heap   total reserved 4134912K, committed 108544K, used 50503K [0x0000000703a00000, 0x0000000800000000)
  region size 2048K, 1 young (2048K), 1 survivors (2048K)
 Metaspace       used 64973K, committed 65600K, reserved 1114112K
  class space    used 7147K, committed 7424K, reserved 1048576K
}
Event: 279.280 GC heap before
{Heap before GC invocations=19 (full 1):
 garbage-first heap   total reserved 4134912K, committed 108544K, used 89415K [0x0000000703a00000, 0x0000000800000000)
  region size 2048K, 20 young (40960K), 1 survivors (2048K)
 Metaspace       used 69114K, committed 69824K, reserved 1114112K
  class space    used 7645K, committed 7936K, reserved 1048576K
}
Event: 279.284 GC heap after
{Heap after GC invocations=20 (full 1):
 garbage-first heap   total reserved 4134912K, committed 108544K, used 54232K [0x0000000703a00000, 0x0000000800000000)
  region size 2048K, 3 young (6144K), 3 survivors (6144K)
 Metaspace       used 69114K, committed 69824K, reserved 1114112K
  class space    used 7645K, committed 7936K, reserved 1048576K
}
Event: 2015.038 GC heap before
{Heap before GC invocations=20 (full 1):
 garbage-first heap   total reserved 4134912K, committed 108544K, used 87000K [0x0000000703a00000, 0x0000000800000000)
  region size 2048K, 20 young (40960K), 3 survivors (6144K)
 Metaspace       used 70187K, committed 70912K, reserved 1114112K
  class space    used 7671K, committed 8000K, reserved 1048576K
}
Event: 2015.042 GC heap after
{Heap after GC invocations=21 (full 1):
 garbage-first heap   total reserved 4134912K, committed 108544K, used 55442K [0x0000000703a00000, 0x0000000800000000)
  region size 2048K, 1 young (2048K), 1 survivors (2048K)
 Metaspace       used 70187K, committed 70912K, reserved 1114112K
  class space    used 7671K, committed 8000K, reserved 1048576K
}
Event: 3544.958 GC heap before
{Heap before GC invocations=22 (full 1):
 garbage-first heap   total reserved 4134912K, committed 108544K, used 94354K [0x0000000703a00000, 0x0000000800000000)
  region size 2048K, 20 young (40960K), 1 survivors (2048K)
 Metaspace       used 71186K, committed 71936K, reserved 1114112K
  class space    used 7678K, committed 8000K, reserved 1048576K
}
Event: 3544.960 GC heap after
{Heap after GC invocations=23 (full 1):
 garbage-first heap   total reserved 4134912K, committed 108544K, used 55463K [0x0000000703a00000, 0x0000000800000000)
  region size 2048K, 1 young (2048K), 1 survivors (2048K)
 Metaspace       used 71186K, committed 71936K, reserved 1114112K
  class space    used 7678K, committed 8000K, reserved 1048576K
}
Event: 4751.445 GC heap before
{Heap before GC invocations=23 (full 1):
 garbage-first heap   total reserved 4134912K, committed 108544K, used 94375K [0x0000000703a00000, 0x0000000800000000)
  region size 2048K, 20 young (40960K), 1 survivors (2048K)
 Metaspace       used 71967K, committed 72704K, reserved 1114112K
  class space    used 7694K, committed 8000K, reserved 1048576K
}
Event: 4751.450 GC heap after
{Heap after GC invocations=24 (full 1):
 garbage-first heap   total reserved 4134912K, committed 108544K, used 55843K [0x0000000703a00000, 0x0000000800000000)
  region size 2048K, 1 young (2048K), 1 survivors (2048K)
 Metaspace       used 71967K, committed 72704K, reserved 1114112K
  class space    used 7694K, committed 8000K, reserved 1048576K
}
Event: 5754.150 GC heap before
{Heap before GC invocations=24 (full 1):
 garbage-first heap   total reserved 4134912K, committed 108544K, used 94755K [0x0000000703a00000, 0x0000000800000000)
  region size 2048K, 20 young (40960K), 1 survivors (2048K)
 Metaspace       used 72242K, committed 72960K, reserved 1114112K
  class space    used 7695K, committed 8000K, reserved 1048576K
}
Event: 5754.153 GC heap after
{Heap after GC invocations=25 (full 1):
 garbage-first heap   total reserved 4134912K, committed 108544K, used 55703K [0x0000000703a00000, 0x0000000800000000)
  region size 2048K, 1 young (2048K), 1 survivors (2048K)
 Metaspace       used 72242K, committed 72960K, reserved 1114112K
  class space    used 7695K, committed 8000K, reserved 1048576K
}
Event: 6700.278 GC heap before
{Heap before GC invocations=26 (full 1):
 garbage-first heap   total reserved 4134912K, committed 108544K, used 92567K [0x0000000703a00000, 0x0000000800000000)
  region size 2048K, 20 young (40960K), 1 survivors (2048K)
 Metaspace       used 72204K, committed 73088K, reserved 1179648K
  class space    used 7613K, committed 8000K, reserved 1048576K
}
Event: 6700.287 GC heap after
{Heap after GC invocations=27 (full 1):
 garbage-first heap   total reserved 4134912K, committed 108544K, used 55653K [0x0000000703a00000, 0x0000000800000000)
  region size 2048K, 1 young (2048K), 1 survivors (2048K)
 Metaspace       used 72204K, committed 73088K, reserved 1179648K
  class space    used 7613K, committed 8000K, reserved 1048576K
}
Event: 7779.581 GC heap before
{Heap before GC invocations=27 (full 1):
 garbage-first heap   total reserved 4134912K, committed 108544K, used 92517K [0x0000000703a00000, 0x0000000800000000)
  region size 2048K, 20 young (40960K), 1 survivors (2048K)
 Metaspace       used 72521K, committed 73280K, reserved 1179648K
  class space    used 7615K, committed 8000K, reserved 1048576K
}
Event: 7779.591 GC heap after
{Heap after GC invocations=28 (full 1):
 garbage-first heap   total reserved 4134912K, committed 108544K, used 51030K [0x0000000703a00000, 0x0000000800000000)
  region size 2048K, 1 young (2048K), 1 survivors (2048K)
 Metaspace       used 72521K, committed 73280K, reserved 1179648K
  class space    used 7615K, committed 8000K, reserved 1048576K
}
Event: 8827.435 GC heap before
{Heap before GC invocations=28 (full 1):
 garbage-first heap   total reserved 4134912K, committed 108544K, used 94038K [0x0000000703a00000, 0x0000000800000000)
  region size 2048K, 23 young (47104K), 1 survivors (2048K)
 Metaspace       used 72556K, committed 73280K, reserved 1179648K
  class space    used 7616K, committed 8000K, reserved 1048576K
}
Event: 8827.446 GC heap after
{Heap after GC invocations=29 (full 1):
 garbage-first heap   total reserved 4134912K, committed 108544K, used 47201K [0x0000000703a00000, 0x0000000800000000)
  region size 2048K, 1 young (2048K), 1 survivors (2048K)
 Metaspace       used 72556K, committed 73280K, reserved 1179648K
  class space    used 7616K, committed 8000K, reserved 1048576K
}

